<?xml version="1.0" encoding="UTF-8"?>
<testsuite xmlns:xsi="http://www.w3.org/2001/XMLSchema-instance" xsi:noNamespaceSchemaLocation="https://maven.apache.org/surefire/maven-surefire-plugin/xsd/surefire-test-report-3.0.xsd" version="3.0" name="com.firefly.common.cqrs.SpringCqrsIntegrationTest" time="0.034" tests="3" errors="0" skipped="0" failures="0">
  <properties>
[...]
</properties>
  <testcase name="shouldProcessQueriesWithCaching" classname="com.firefly.common.cqrs.SpringCqrsIntegrationTest" time="0.002">
    <system-out><![CDATA[
  .   ____          _            __ _ _
 /\\ / ___'_ __ _ _(_)_ __  __ _ \ \ \ \
( ( )\___ | '_ | '_| | '_ \/ _` | \ \ \ \
 \\/  ___)| |_)| | | | | || (_| |  ) ) ) )
  '  |____| .__|_| |_|_| |_\__, | / / / /
 =========|_|==============|___/=/_/_/_/
 :: Spring Boot ::                (v3.2.2)

2025-10-05T18:44:52.825+02:00  INFO 20604 --- [           main] [                                                 ] c.f.c.cqrs.SpringCqrsIntegrationTest     : Starting SpringCqrsIntegrationTest using Java 21.0.8 with PID 20604 (started by ancongui in /Users/ancongui/Development/firefly/lib-common-cqrs)
2025-10-05T18:44:52.825+02:00  INFO 20604 --- [           main] [                                                 ] c.f.c.cqrs.SpringCqrsIntegrationTest     : No active profile set, falling back to 1 default profile: "default"
2025-10-05T18:44:52.834+02:00  WARN 20604 --- [           main] [                                                 ] c.f.c.cqrs.config.CqrsAutoConfiguration  : Jakarta Validator not available - creating no-op validation processor
2025-10-05T18:44:52.835+02:00  WARN 20604 --- [           main] [                                                 ] c.f.c.c.v.AutoValidationProcessor        : No Jakarta Validator available - validation will be skipped
2025-10-05T18:44:52.835+02:00  INFO 20604 --- [           main] [                                                 ] c.f.c.cqrs.config.CqrsAutoConfiguration  : Auto-configuring default SimpleMeterRegistry for CQRS metrics
2025-10-05T18:44:52.835+02:00  INFO 20604 --- [           main] [                                                 ] c.f.c.cqrs.config.CqrsAutoConfiguration  : Auto-configuring CorrelationContext for CQRS distributed tracing
2025-10-05T18:44:52.835+02:00  INFO 20604 --- [           main] [                                                 ] c.f.c.cqrs.config.CqrsAutoConfiguration  : Configuring CQRS Command Handler Registry (auto-configured)
2025-10-05T18:44:52.835+02:00  INFO 20604 --- [           main] [                                                 ] c.f.c.c.command.CommandHandlerRegistry   : Starting automatic discovery of command handlers...
2025-10-05T18:44:52.835+02:00  INFO 20604 --- [           main] [                                                 ] c.f.c.c.command.CommandHandlerRegistry   : Registered command handler: CreateAccountCommand -> CreateAccountHandler
2025-10-05T18:44:52.835+02:00  INFO 20604 --- [           main] [                                                 ] c.f.c.c.command.CommandHandlerRegistry   : Command handler discovery completed - Success: 1, Failures: 0, Total handlers: 1
2025-10-05T18:44:52.836+02:00  INFO 20604 --- [           main] [                                                 ] c.f.c.cqrs.config.CqrsAutoConfiguration  : Configuring CQRS Command Validation Service (auto-configured)
2025-10-05T18:44:52.836+02:00  INFO 20604 --- [           main] [                                                 ] c.f.c.cqrs.config.CqrsAutoConfiguration  : Configuring CQRS Authorization Properties (auto-configured)
2025-10-05T18:44:52.837+02:00  INFO 20604 --- [           main] [                                                 ] c.f.c.cqrs.config.CqrsAutoConfiguration  : Configuring CQRS Authorization Service (auto-configured)
2025-10-05T18:44:52.837+02:00  INFO 20604 --- [           main] [                                                 ] c.f.c.c.a.AuthorizationService           : lib-common-auth not available - using standalone authorization
2025-10-05T18:44:52.837+02:00  INFO 20604 --- [           main] [                                                 ] c.f.c.cqrs.config.CqrsAutoConfiguration  : Configuring CQRS Command Metrics Service (auto-configured)
2025-10-05T18:44:52.837+02:00  INFO 20604 --- [           main] [                                                 ] c.f.c.c.command.CommandMetricsService    : CommandMetricsService initialized with metrics collection enabled
2025-10-05T18:44:52.837+02:00  INFO 20604 --- [           main] [                                                 ] c.f.c.cqrs.config.CqrsAutoConfiguration  : Configuring CQRS Command Bus with authorization enabled (auto-configured)
2025-10-05T18:44:52.837+02:00  INFO 20604 --- [           main] [                                                 ] c.f.c.cqrs.command.DefaultCommandBus     : DefaultCommandBus initialized
2025-10-05T18:44:52.838+02:00  INFO 20604 --- [           main] [                                                 ] c.f.c.cqrs.config.CqrsAutoConfiguration  : Configuring default local cache manager for CQRS queries (cqrsCacheManager)
2025-10-05T18:44:52.838+02:00  INFO 20604 --- [           main] [                                                 ] c.f.c.cqrs.config.CqrsAutoConfiguration  : Note: If lib-common-web is also present, the idempotency cache manager will be used as primary for global @Cacheable support.
2025-10-05T18:44:52.838+02:00  INFO 20604 --- [           main] [                                                 ] c.f.c.cqrs.config.CqrsAutoConfiguration  : Configuring CQRS Query Bus with authorization enabled (auto-configured)
2025-10-05T18:44:52.838+02:00  INFO 20604 --- [           main] [                                                 ] c.f.common.cqrs.query.DefaultQueryBus    : Registered query handler for: com.firefly.common.cqrs.query.GetAccountBalanceQuery
2025-10-05T18:44:52.838+02:00  INFO 20604 --- [           main] [                                                 ] c.f.common.cqrs.query.DefaultQueryBus    : Discovered and registered 1 query handlers
2025-10-05T18:44:52.838+02:00  INFO 20604 --- [           main] [                                                 ] c.f.common.cqrs.query.DefaultQueryBus    : DefaultQueryBus initialized
2025-10-05T18:44:52.840+02:00  INFO 20604 --- [           main] [                                                 ] c.f.c.cqrs.command.DefaultCommandBus     : DefaultCommandBus ready with 1 registered handlers
2025-10-05T18:44:52.840+02:00  INFO 20604 --- [           main] [                                                 ] c.f.common.cqrs.query.DefaultQueryBus    : DefaultQueryBus ready with 1 registered query handlers
2025-10-05T18:44:52.840+02:00  INFO 20604 --- [           main] [                                                 ] c.f.common.cqrs.query.DefaultQueryBus    : Registered query handler: GetAccountBalanceQuery -> GetAccountBalanceHandler
2025-10-05T18:44:52.840+02:00  INFO 20604 --- [           main] [                                                 ] c.f.c.cqrs.SpringCqrsIntegrationTest     : Started SpringCqrsIntegrationTest in 0.023 seconds (process running for 2.619)
2025-10-05T18:44:52.840+02:00  INFO 20604 --- [           main] [                                                 ] c.f.c.c.c.CacheConfigurationValidator    : Using local cache for CQRS queries
2025-10-05T18:44:52.840+02:00  INFO 20604 --- [           main] [                                                 ] c.f.c.c.c.CacheConfigurationValidator    : Query caching is enabled with default TTL: PT15M
2025-10-05T18:44:52.841+02:00  INFO 20604 --- [           main] [                                                 ] c.f.common.cqrs.query.DefaultQueryBus    : CQRS Query Processing Started - Type: GetAccountBalanceQuery, ID: 8b142e42-1b28-4ad9-80be-f27a0a9a1d47, CorrelationId: null, Cacheable: true
2025-10-05T18:44:52.842+02:00  INFO 20604 --- [           main] [                                                 ] c.f.common.cqrs.query.DefaultQueryBus    : CQRS Query Result Cached - Type: GetAccountBalanceQuery, ID: 952bb4ad-9466-4b58-9115-941dc13f9187, CacheKey: GetAccountBalanceQuery, ResultType: AccountBalance
2025-10-05T18:44:52.842+02:00  INFO 20604 --- [           main] [                                                 ] c.f.common.cqrs.query.DefaultQueryBus    : CQRS Query Processing Completed (Cached) - Type: GetAccountBalanceQuery, ID: 959a6be6-6cb2-4795-9ee4-dd609f321b79, Result: Success
]]></system-out>
  </testcase>
  <testcase name="shouldExecuteBusinessLogicAndCollectMetrics" classname="com.firefly.common.cqrs.SpringCqrsIntegrationTest" time="0.004">
    <system-out><![CDATA[2025-10-05T18:44:52.843+02:00  INFO 20604 --- [           main] [                                                 ] c.f.c.cqrs.command.DefaultCommandBus     : CQRS Command Processing Started - Type: CreateAccountCommand, ID: 06ffeddb-3288-4405-b4fd-089fa02e1be0, CorrelationId: null
2025-10-05T18:44:52.845+02:00  INFO 20604 --- [           main] [                                                 ] c.f.common.cqrs.command.CommandHandler   : Command processed successfully: CreateAccountCommand [1210cb89-2bae-4a4a-aa14-2d85572c81e8] in 0ms
2025-10-05T18:44:52.845+02:00  INFO 20604 --- [           main] [                                                 ] c.f.c.cqrs.command.DefaultCommandBus     : CQRS Command Processing Completed - Type: CreateAccountCommand, ID: 5012f0cd-0532-445a-8b49-28eeb8107f52, Duration: 1ms
2025-10-05T18:44:52.846+02:00  INFO 20604 --- [           main] [                                                 ] c.f.common.cqrs.query.DefaultQueryBus    : CQRS Query Processing Started - Type: GetAccountBalanceQuery, ID: 71a78d23-c476-43c8-92ad-0afcb890546e, CorrelationId: null, Cacheable: true
2025-10-05T18:44:52.846+02:00  INFO 20604 --- [           main] [                                                 ] c.f.common.cqrs.query.DefaultQueryBus    : CQRS Query Cache Hit - CacheKey: GetAccountBalanceQuery, ResultType: AccountBalance
]]></system-out>
  </testcase>
  <testcase name="shouldDiscoverHandlersAutomatically" classname="com.firefly.common.cqrs.SpringCqrsIntegrationTest" time="0.001">
    <system-out><![CDATA[2025-10-05T18:44:52.848+02:00  INFO 20604 --- [           main] [                                                 ] c.f.c.cqrs.command.DefaultCommandBus     : CQRS Command Processing Started - Type: CreateAccountCommand, ID: 94464bd5-98af-4104-9c91-6b408e3c54f1, CorrelationId: null
2025-10-05T18:44:52.848+02:00  INFO 20604 --- [           main] [                                                 ] c.f.common.cqrs.command.CommandHandler   : Command processed successfully: CreateAccountCommand [27af2b97-3d33-4999-968e-f949045be01e] in 0ms
2025-10-05T18:44:52.848+02:00  INFO 20604 --- [           main] [                                                 ] c.f.c.cqrs.command.DefaultCommandBus     : CQRS Command Processing Completed - Type: CreateAccountCommand, ID: 5f63c1c9-5cb9-4dd3-a5d7-1e4b8f878d85, Duration: 0ms
]]></system-out>
  </testcase>
</testsuite>