<?xml version="1.0" encoding="UTF-8"?>
<testsuite xmlns:xsi="http://www.w3.org/2001/XMLSchema-instance" xsi:noNamespaceSchemaLocation="https://maven.apache.org/surefire/maven-surefire-plugin/xsd/surefire-test-report-3.0.xsd" version="3.0" name="com.firefly.common.cqrs.context.FlexibleHandlerTest" time="0.008" tests="4" errors="0" skipped="0" failures="0">
  <properties>
[...]
</properties>
  <testcase name="testHandlerWithContext" classname="com.firefly.common.cqrs.context.FlexibleHandlerTest" time="0.001"/>
  <testcase name="testHandlerWithContextButNoPremiumFeatures" classname="com.firefly.common.cqrs.context.FlexibleHandlerTest" time="0.002"/>
  <testcase name="testHandlerWithoutContext" classname="com.firefly.common.cqrs.context.FlexibleHandlerTest" time="0.002"/>
  <testcase name="testHandlerWithMinimalContext" classname="com.firefly.common.cqrs.context.FlexibleHandlerTest" time="0.001"/>
</testsuite>