<?xml version="1.0" encoding="UTF-8"?>
<testsuite xmlns:xsi="http://www.w3.org/2001/XMLSchema-instance" xsi:noNamespaceSchemaLocation="https://maven.apache.org/surefire/maven-surefire-plugin/xsd/surefire-test-report-3.0.xsd" version="3.0" name="com.firefly.common.cqrs.command.CommandBusTest" time="0.008" tests="5" errors="0" skipped="0" failures="0">
  <properties>
[...]
</properties>
  <testcase name="testCreateAccountCommand" classname="com.firefly.common.cqrs.command.CommandBusTest" time="0.001">
    <system-out><![CDATA[2025-10-05T18:44:52.993+02:00  WARN 20604 --- [           main] [                                                 ] c.f.c.c.v.AutoValidationProcessor        : No Jakarta Validator available - validation will be skipped
2025-10-05T18:44:52.993+02:00  INFO 20604 --- [           main] [                                                 ] c.f.c.c.command.CommandHandlerRegistry   : Starting automatic discovery of command handlers...
2025-10-05T18:44:52.993+02:00  INFO 20604 --- [           main] [                                                 ] c.f.c.c.command.CommandHandlerRegistry   : Command handler discovery completed - Success: 0, Failures: 0, Total handlers: 0
2025-10-05T18:44:52.993+02:00  WARN 20604 --- [           main] [                                                 ] c.f.c.c.command.CommandHandlerRegistry   : No command handlers were registered! Ensure your handlers extend CommandHandler and are properly annotated as Spring components.
2025-10-05T18:44:52.993+02:00  INFO 20604 --- [           main] [                                                 ] c.f.c.c.command.CommandMetricsService    : CommandMetricsService initialized with metrics collection enabled
2025-10-05T18:44:52.993+02:00  INFO 20604 --- [           main] [                                                 ] c.f.c.c.a.AuthorizationService           : lib-common-auth not available - using standalone authorization
2025-10-05T18:44:52.993+02:00  INFO 20604 --- [           main] [                                                 ] c.f.c.cqrs.command.DefaultCommandBus     : DefaultCommandBus initialized
2025-10-05T18:44:52.993+02:00  INFO 20604 --- [           main] [                                                 ] c.f.c.c.command.CommandHandlerRegistry   : Registered command handler: CreateAccountCommand -> CreateAccountHandler
2025-10-05T18:44:52.994+02:00  INFO 20604 --- [           main] [                                                 ] c.f.c.c.command.CommandHandlerRegistry   : Registered command handler: TransferMoneyCommand -> TransferMoneyHandler
2025-10-05T18:44:52.994+02:00  INFO 20604 --- [           main] [                                                 ] c.f.c.cqrs.command.DefaultCommandBus     : CQRS Command Processing Started - Type: CreateAccountCommand, ID: e4ffbddf-13c4-4c98-8a91-76082768de80, CorrelationId: null
2025-10-05T18:44:52.994+02:00  INFO 20604 --- [           main] [                                                 ] c.f.common.cqrs.command.CommandHandler   : Command processed successfully: CreateAccountCommand [e0ba3e3e-99e7-40b0-bbb1-9e888ef53193] in 0ms
2025-10-05T18:44:52.994+02:00  INFO 20604 --- [           main] [                                                 ] c.f.c.cqrs.command.DefaultCommandBus     : CQRS Command Processing Completed - Type: CreateAccountCommand, ID: 3c7159cf-b319-4db7-8c8c-7b0b0bc4a159, Duration: 0ms
]]></system-out>
  </testcase>
  <testcase name="testTransferMoneyCommand" classname="com.firefly.common.cqrs.command.CommandBusTest" time="0.001">
    <system-out><![CDATA[2025-10-05T18:44:52.995+02:00  WARN 20604 --- [           main] [                                                 ] c.f.c.c.v.AutoValidationProcessor        : No Jakarta Validator available - validation will be skipped
2025-10-05T18:44:52.995+02:00  INFO 20604 --- [           main] [                                                 ] c.f.c.c.command.CommandHandlerRegistry   : Starting automatic discovery of command handlers...
2025-10-05T18:44:52.995+02:00  INFO 20604 --- [           main] [                                                 ] c.f.c.c.command.CommandHandlerRegistry   : Command handler discovery completed - Success: 0, Failures: 0, Total handlers: 0
2025-10-05T18:44:52.995+02:00  WARN 20604 --- [           main] [                                                 ] c.f.c.c.command.CommandHandlerRegistry   : No command handlers were registered! Ensure your handlers extend CommandHandler and are properly annotated as Spring components.
2025-10-05T18:44:52.995+02:00  INFO 20604 --- [           main] [                                                 ] c.f.c.c.command.CommandMetricsService    : CommandMetricsService initialized with metrics collection enabled
2025-10-05T18:44:52.995+02:00  INFO 20604 --- [           main] [                                                 ] c.f.c.c.a.AuthorizationService           : lib-common-auth not available - using standalone authorization
2025-10-05T18:44:52.995+02:00  INFO 20604 --- [           main] [                                                 ] c.f.c.cqrs.command.DefaultCommandBus     : DefaultCommandBus initialized
2025-10-05T18:44:52.995+02:00  INFO 20604 --- [           main] [                                                 ] c.f.c.c.command.CommandHandlerRegistry   : Registered command handler: CreateAccountCommand -> CreateAccountHandler
2025-10-05T18:44:52.995+02:00  INFO 20604 --- [           main] [                                                 ] c.f.c.c.command.CommandHandlerRegistry   : Registered command handler: TransferMoneyCommand -> TransferMoneyHandler
2025-10-05T18:44:52.995+02:00  INFO 20604 --- [           main] [                                                 ] c.f.c.cqrs.command.DefaultCommandBus     : CQRS Command Processing Started - Type: TransferMoneyCommand, ID: 3c5fe097-f6f6-41ab-9278-70e81941d1bf, CorrelationId: null
2025-10-05T18:44:52.996+02:00  INFO 20604 --- [           main] [                                                 ] c.f.common.cqrs.command.CommandHandler   : Command processed successfully: TransferMoneyCommand [492343e3-a95c-406c-860e-556f2f568fce] in 0ms
2025-10-05T18:44:52.996+02:00  INFO 20604 --- [           main] [                                                 ] c.f.c.cqrs.command.DefaultCommandBus     : CQRS Command Processing Completed - Type: TransferMoneyCommand, ID: e8ced437-1f26-4faf-a7dd-1329ebe35712, Duration: 0ms
]]></system-out>
  </testcase>
  <testcase name="testAutomaticTypeDetection" classname="com.firefly.common.cqrs.command.CommandBusTest" time="0.001">
    <system-out><![CDATA[2025-10-05T18:44:52.996+02:00  WARN 20604 --- [           main] [                                                 ] c.f.c.c.v.AutoValidationProcessor        : No Jakarta Validator available - validation will be skipped
2025-10-05T18:44:52.996+02:00  INFO 20604 --- [           main] [                                                 ] c.f.c.c.command.CommandHandlerRegistry   : Starting automatic discovery of command handlers...
2025-10-05T18:44:52.996+02:00  INFO 20604 --- [           main] [                                                 ] c.f.c.c.command.CommandHandlerRegistry   : Command handler discovery completed - Success: 0, Failures: 0, Total handlers: 0
2025-10-05T18:44:52.996+02:00  WARN 20604 --- [           main] [                                                 ] c.f.c.c.command.CommandHandlerRegistry   : No command handlers were registered! Ensure your handlers extend CommandHandler and are properly annotated as Spring components.
2025-10-05T18:44:52.996+02:00  INFO 20604 --- [           main] [                                                 ] c.f.c.c.command.CommandMetricsService    : CommandMetricsService initialized with metrics collection enabled
2025-10-05T18:44:52.996+02:00  INFO 20604 --- [           main] [                                                 ] c.f.c.c.a.AuthorizationService           : lib-common-auth not available - using standalone authorization
2025-10-05T18:44:52.996+02:00  INFO 20604 --- [           main] [                                                 ] c.f.c.cqrs.command.DefaultCommandBus     : DefaultCommandBus initialized
2025-10-05T18:44:52.997+02:00  INFO 20604 --- [           main] [                                                 ] c.f.c.c.command.CommandHandlerRegistry   : Registered command handler: CreateAccountCommand -> CreateAccountHandler
2025-10-05T18:44:52.997+02:00  INFO 20604 --- [           main] [                                                 ] c.f.c.c.command.CommandHandlerRegistry   : Registered command handler: TransferMoneyCommand -> TransferMoneyHandler
2025-10-05T18:44:52.997+02:00  INFO 20604 --- [           main] [                                                 ] c.f.c.cqrs.command.DefaultCommandBus     : CQRS Command Processing Started - Type: CreateAccountCommand, ID: 5be5a867-389f-4fd7-914d-526b9d5cfce2, CorrelationId: null
2025-10-05T18:44:52.997+02:00  INFO 20604 --- [           main] [                                                 ] c.f.common.cqrs.command.CommandHandler   : Command processed successfully: CreateAccountCommand [7ce67f6b-fd72-410d-a2a2-d3d0e62517a4] in 0ms
2025-10-05T18:44:52.997+02:00  INFO 20604 --- [           main] [                                                 ] c.f.c.cqrs.command.DefaultCommandBus     : CQRS Command Processing Completed - Type: CreateAccountCommand, ID: bc9d3c91-bf77-4181-ae07-299fdfd697e8, Duration: 0ms
]]></system-out>
  </testcase>
  <testcase name="testCommandHandlerComponentAnnotation" classname="com.firefly.common.cqrs.command.CommandBusTest" time="0.001">
    <system-out><![CDATA[2025-10-05T18:44:52.997+02:00  WARN 20604 --- [           main] [                                                 ] c.f.c.c.v.AutoValidationProcessor        : No Jakarta Validator available - validation will be skipped
2025-10-05T18:44:52.997+02:00  INFO 20604 --- [           main] [                                                 ] c.f.c.c.command.CommandHandlerRegistry   : Starting automatic discovery of command handlers...
2025-10-05T18:44:52.998+02:00  INFO 20604 --- [           main] [                                                 ] c.f.c.c.command.CommandHandlerRegistry   : Command handler discovery completed - Success: 0, Failures: 0, Total handlers: 0
2025-10-05T18:44:52.998+02:00  WARN 20604 --- [           main] [                                                 ] c.f.c.c.command.CommandHandlerRegistry   : No command handlers were registered! Ensure your handlers extend CommandHandler and are properly annotated as Spring components.
2025-10-05T18:44:52.998+02:00  INFO 20604 --- [           main] [                                                 ] c.f.c.c.command.CommandMetricsService    : CommandMetricsService initialized with metrics collection enabled
2025-10-05T18:44:52.998+02:00  INFO 20604 --- [           main] [                                                 ] c.f.c.c.a.AuthorizationService           : lib-common-auth not available - using standalone authorization
2025-10-05T18:44:52.998+02:00  INFO 20604 --- [           main] [                                                 ] c.f.c.cqrs.command.DefaultCommandBus     : DefaultCommandBus initialized
2025-10-05T18:44:52.998+02:00  INFO 20604 --- [           main] [                                                 ] c.f.c.c.command.CommandHandlerRegistry   : Registered command handler: CreateAccountCommand -> CreateAccountHandler
2025-10-05T18:44:52.998+02:00  INFO 20604 --- [           main] [                                                 ] c.f.c.c.command.CommandHandlerRegistry   : Registered command handler: TransferMoneyCommand -> TransferMoneyHandler
2025-10-05T18:44:52.998+02:00  INFO 20604 --- [           main] [                                                 ] c.f.c.cqrs.command.DefaultCommandBus     : CQRS Command Processing Started - Type: CreateAccountCommand, ID: fe0ddf43-169b-4ea0-b220-d326700f489f, CorrelationId: null
2025-10-05T18:44:52.998+02:00  INFO 20604 --- [           main] [                                                 ] c.f.common.cqrs.command.CommandHandler   : Command processed successfully: CreateAccountCommand [5f18fd79-736e-4eb1-a718-59c286402435] in 0ms
2025-10-05T18:44:52.998+02:00  INFO 20604 --- [           main] [                                                 ] c.f.c.cqrs.command.DefaultCommandBus     : CQRS Command Processing Completed - Type: CreateAccountCommand, ID: 3ee9691c-3877-4383-80a9-088615dae004, Duration: 0ms
]]></system-out>
  </testcase>
  <testcase name="testBuiltInMetrics" classname="com.firefly.common.cqrs.command.CommandBusTest" time="0.002">
    <system-out><![CDATA[2025-10-05T18:44:52.999+02:00  WARN 20604 --- [           main] [                                                 ] c.f.c.c.v.AutoValidationProcessor        : No Jakarta Validator available - validation will be skipped
2025-10-05T18:44:52.999+02:00  INFO 20604 --- [           main] [                                                 ] c.f.c.c.command.CommandHandlerRegistry   : Starting automatic discovery of command handlers...
2025-10-05T18:44:52.999+02:00  INFO 20604 --- [           main] [                                                 ] c.f.c.c.command.CommandHandlerRegistry   : Command handler discovery completed - Success: 0, Failures: 0, Total handlers: 0
2025-10-05T18:44:52.999+02:00  WARN 20604 --- [           main] [                                                 ] c.f.c.c.command.CommandHandlerRegistry   : No command handlers were registered! Ensure your handlers extend CommandHandler and are properly annotated as Spring components.
2025-10-05T18:44:52.999+02:00  INFO 20604 --- [           main] [                                                 ] c.f.c.c.command.CommandMetricsService    : CommandMetricsService initialized with metrics collection enabled
2025-10-05T18:44:52.999+02:00  INFO 20604 --- [           main] [                                                 ] c.f.c.c.a.AuthorizationService           : lib-common-auth not available - using standalone authorization
2025-10-05T18:44:52.999+02:00  INFO 20604 --- [           main] [                                                 ] c.f.c.cqrs.command.DefaultCommandBus     : DefaultCommandBus initialized
2025-10-05T18:44:52.999+02:00  INFO 20604 --- [           main] [                                                 ] c.f.c.c.command.CommandHandlerRegistry   : Registered command handler: CreateAccountCommand -> CreateAccountHandler
2025-10-05T18:44:52.999+02:00  INFO 20604 --- [           main] [                                                 ] c.f.c.c.command.CommandHandlerRegistry   : Registered command handler: TransferMoneyCommand -> TransferMoneyHandler
2025-10-05T18:44:52.999+02:00  INFO 20604 --- [           main] [                                                 ] c.f.c.cqrs.command.DefaultCommandBus     : CQRS Command Processing Started - Type: CreateAccountCommand, ID: 2efb420b-8665-4d1a-8a03-143cff0cd8b8, CorrelationId: null
2025-10-05T18:44:52.999+02:00  INFO 20604 --- [           main] [                                                 ] c.f.common.cqrs.command.CommandHandler   : Command processed successfully: CreateAccountCommand [3d3ea150-f802-466e-b154-26752d0d793b] in 0ms
2025-10-05T18:44:52.999+02:00  INFO 20604 --- [           main] [                                                 ] c.f.c.cqrs.command.DefaultCommandBus     : CQRS Command Processing Completed - Type: CreateAccountCommand, ID: fcf1f52f-e409-489d-abaf-35dee95364a1, Duration: 0ms
]]></system-out>
  </testcase>
</testsuite>